

Started GET "/" for 127.0.0.1 at 2012-08-25 09:38:31 +0530
  Processing by PaymentsController#new as HTML
Rendered payments/new.html.erb within layouts/application (9.7ms)
Completed 200 OK in 16ms (Views: 15.2ms)


Started GET "/payments/confirm?http_status=404&hash=none" for 127.0.0.1 at 2012-08-25 09:39:01 +0530
  Processing by PaymentsController#confirm as HTML
  Parameters: {"http_status"=>"404", "hash"=>"none"}
Completed   in 1ms

Braintree::NotFoundError (Braintree::NotFoundError):
  app/controllers/payments_controller.rb:7:in `confirm'

Rendered /home/maisapride/.rvm/gems/ruby-1.9.3-p194/gems/actionpack-3.0.0/lib/action_dispatch/middleware/templates/rescues/_trace.erb (2.6ms)
Rendered /home/maisapride/.rvm/gems/ruby-1.9.3-p194/gems/actionpack-3.0.0/lib/action_dispatch/middleware/templates/rescues/_request_and_response.erb (9.2ms)
Rendered /home/maisapride/.rvm/gems/ruby-1.9.3-p194/gems/actionpack-3.0.0/lib/action_dispatch/middleware/templates/rescues/diagnostics.erb within rescues/layout (22.2ms)


Started GET "/payments/confirm?http_status=404&hash=none" for 127.0.0.1 at 2012-08-25 09:45:18 +0530
  Processing by PaymentsController#confirm as HTML
  Parameters: {"http_status"=>"404", "hash"=>"none"}
Completed   in 1ms

Braintree::NotFoundError (Braintree::NotFoundError):
  app/controllers/payments_controller.rb:7:in `confirm'

Rendered /home/maisapride/.rvm/gems/ruby-1.9.3-p194/gems/actionpack-3.0.0/lib/action_dispatch/middleware/templates/rescues/_trace.erb (1.6ms)
Rendered /home/maisapride/.rvm/gems/ruby-1.9.3-p194/gems/actionpack-3.0.0/lib/action_dispatch/middleware/templates/rescues/_request_and_response.erb (28.8ms)
Rendered /home/maisapride/.rvm/gems/ruby-1.9.3-p194/gems/actionpack-3.0.0/lib/action_dispatch/middleware/templates/rescues/diagnostics.erb within rescues/layout (35.3ms)


Started GET "/" for 127.0.0.1 at 2012-08-25 09:47:58 +0530
  Processing by PaymentsController#new as HTML
Rendered payments/new.html.erb within layouts/application (10.3ms)
Completed 200 OK in 16ms (Views: 15.6ms)


Started GET "/payments/confirm?http_status=200&id=5cxt9dwmnqsv59sc&kind=create_transaction&hash=e939358e71b69353a3fb030ab63f12aebf772aa3" for 127.0.0.1 at 2012-08-25 09:48:35 +0530
  Processing by PaymentsController#confirm as HTML
  Parameters: {"http_status"=>"200", "id"=>"5cxt9dwmnqsv59sc", "kind"=>"create_transaction", "hash"=>"e939358e71b69353a3fb030ab63f12aebf772aa3"}
Rendered payments/confirm.html.erb within layouts/application (32.7ms)
Completed 200 OK in 2264ms (Views: 39.0ms)


Started GET "/payments/confirm?http_status=200&id=n8jxkd4838pg4gy9&kind=create_transaction&hash=94594fbf071f2309e3da33da7bbe2c9fde96c625" for 127.0.0.1 at 2012-08-25 09:50:35 +0530
  Processing by PaymentsController#confirm as HTML
  Parameters: {"http_status"=>"200", "id"=>"n8jxkd4838pg4gy9", "kind"=>"create_transaction", "hash"=>"94594fbf071f2309e3da33da7bbe2c9fde96c625"}
Rendered payments/confirm.html.erb within layouts/application (5.1ms)
Completed 200 OK in 1680ms (Views: 13.4ms)


Started GET "/" for 192.168.1.6 at 2012-08-25 09:53:32 +0530
  Processing by PaymentsController#new as HTML
Rendered payments/new.html.erb within layouts/application (16.3ms)
Completed 200 OK in 25ms (Views: 23.9ms)


Started GET "/" for 192.168.1.8 at 2012-08-25 09:55:46 +0530
  Processing by PaymentsController#new as HTML
Rendered payments/new.html.erb within layouts/application (65.4ms)
Completed 200 OK in 74ms (Views: 73.0ms)


Started GET "/payments/confirm?http_status=200&id=82969fdknwtm64sm&kind=create_transaction&hash=1b797bbf1deaca0cc723d2d6b3c5e2c7f4dcf224" for 192.168.1.8 at 2012-08-25 10:15:38 +0530
  Processing by PaymentsController#confirm as HTML
  Parameters: {"http_status"=>"200", "id"=>"82969fdknwtm64sm", "kind"=>"create_transaction", "hash"=>"1b797bbf1deaca0cc723d2d6b3c5e2c7f4dcf224"}
Rendered payments/new.html.erb within layouts/application (14.2ms)
Completed 200 OK in 1645ms (Views: 23.5ms)


Started GET "/" for 127.0.0.1 at 2012-08-25 10:25:55 +0530
  Processing by PaymentsController#new as HTML
Rendered payments/new.html.erb within layouts/application (13.6ms)
Completed 200 OK in 76ms (Views: 74.0ms)


Started POST "/payments/confirm?http_status=200&id=82969fdknwtm64sm&kind=create_transaction&hash=1b797bbf1deaca0cc723d2d6b3c5e2c7f4dcf224?first_name=&last_name=&email=&number=&expdate=&cvv=" for 192.168.1.8 at 2012-08-25 10:28:58 +0530
  Processing by PaymentsController#confirm as HTML
  Parameters: {"first_name"=>"", "last_name"=>"", "email"=>"", "number"=>"", "expdate"=>"", "cvv"=>"", "http_status"=>"200", "id"=>"82969fdknwtm64sm", "kind"=>"create_transaction", "hash"=>"1b797bbf1deaca0cc723d2d6b3c5e2c7f4dcf224?first_name="}
Completed   in 4ms

ActionController::InvalidAuthenticityToken (ActionController::InvalidAuthenticityToken):
  

Rendered /home/maisapride/.rvm/gems/ruby-1.9.3-p194/gems/actionpack-3.0.0/lib/action_dispatch/middleware/templates/rescues/_trace.erb (2.6ms)
Rendered /home/maisapride/.rvm/gems/ruby-1.9.3-p194/gems/actionpack-3.0.0/lib/action_dispatch/middleware/templates/rescues/_request_and_response.erb (6.4ms)
Rendered /home/maisapride/.rvm/gems/ruby-1.9.3-p194/gems/actionpack-3.0.0/lib/action_dispatch/middleware/templates/rescues/diagnostics.erb within rescues/layout (15.7ms)


Started POST "/payments/confirm?http_status=200&id=82969fdknwtm64sm&kind=create_transaction&hash=1b797bbf1deaca0cc723d2d6b3c5e2c7f4dcf224?first_name=&last_name=&email=&number=&expdate=&cvv=" for 192.168.1.8 at 2012-08-25 10:29:39 +0530
  Processing by PaymentsController#confirm as HTML
  Parameters: {"first_name"=>"Mu", "last_name"=>"", "email"=>"", "number"=>"", "expdate"=>"", "cvv"=>"", "http_status"=>"200", "id"=>"82969fdknwtm64sm", "kind"=>"create_transaction", "hash"=>"1b797bbf1deaca0cc723d2d6b3c5e2c7f4dcf224?first_name="}
Completed   in 1ms

ActionController::InvalidAuthenticityToken (ActionController::InvalidAuthenticityToken):
  

Rendered /home/maisapride/.rvm/gems/ruby-1.9.3-p194/gems/actionpack-3.0.0/lib/action_dispatch/middleware/templates/rescues/_trace.erb (2.7ms)
Rendered /home/maisapride/.rvm/gems/ruby-1.9.3-p194/gems/actionpack-3.0.0/lib/action_dispatch/middleware/templates/rescues/_request_and_response.erb (39.6ms)
Rendered /home/maisapride/.rvm/gems/ruby-1.9.3-p194/gems/actionpack-3.0.0/lib/action_dispatch/middleware/templates/rescues/diagnostics.erb within rescues/layout (50.7ms)


Started POST "/payments/confirm?http_status=200&id=82969fdknwtm64sm&kind=create_transaction&hash=1b797bbf1deaca0cc723d2d6b3c5e2c7f4dcf224?first_name=&last_name=&email=&number=&expdate=&cvv=" for 192.168.1.8 at 2012-08-25 10:32:36 +0530
  Processing by PaymentsController#confirm as HTML
  Parameters: {"first_name"=>"Maisa", "last_name"=>"", "email"=>"", "number"=>"", "expdate"=>"", "cvv"=>"", "http_status"=>"200", "id"=>"82969fdknwtm64sm", "kind"=>"create_transaction", "hash"=>"1b797bbf1deaca0cc723d2d6b3c5e2c7f4dcf224?first_name="}
Completed   in 1ms

ActionController::InvalidAuthenticityToken (ActionController::InvalidAuthenticityToken):
  

Rendered /home/maisapride/.rvm/gems/ruby-1.9.3-p194/gems/actionpack-3.0.0/lib/action_dispatch/middleware/templates/rescues/_trace.erb (2.5ms)
Rendered /home/maisapride/.rvm/gems/ruby-1.9.3-p194/gems/actionpack-3.0.0/lib/action_dispatch/middleware/templates/rescues/_request_and_response.erb (9.0ms)
Rendered /home/maisapride/.rvm/gems/ruby-1.9.3-p194/gems/actionpack-3.0.0/lib/action_dispatch/middleware/templates/rescues/diagnostics.erb within rescues/layout (19.1ms)


Started GET "/payments/confirm?http_status=200&id=82969fdknwtm64sm&kind=create_transaction&hash=1b797bbf1deaca0cc723d2d6b3c5e2c7f4dcf224?first_name=&last_name=&email=&number=&expdate=&cvv=" for 192.168.1.8 at 2012-08-25 10:33:11 +0530
  Processing by PaymentsController#confirm as HTML
  Parameters: {"http_status"=>"200", "id"=>"82969fdknwtm64sm", "kind"=>"create_transaction", "hash"=>"1b797bbf1deaca0cc723d2d6b3c5e2c7f4dcf224?first_name=", "last_name"=>"", "email"=>"", "number"=>"", "expdate"=>"", "cvv"=>""}
Completed   in 1ms

NoMethodError (undefined method `tr' for nil:NilClass):
  app/controllers/payments_controller.rb:7:in `confirm'

Rendered /home/maisapride/.rvm/gems/ruby-1.9.3-p194/gems/actionpack-3.0.0/lib/action_dispatch/middleware/templates/rescues/_trace.erb (2.4ms)
Rendered /home/maisapride/.rvm/gems/ruby-1.9.3-p194/gems/actionpack-3.0.0/lib/action_dispatch/middleware/templates/rescues/_request_and_response.erb (7.9ms)
Rendered /home/maisapride/.rvm/gems/ruby-1.9.3-p194/gems/actionpack-3.0.0/lib/action_dispatch/middleware/templates/rescues/diagnostics.erb within rescues/layout (17.5ms)


Started GET "/payments/confirm?http_status=200&id=82969fdknwtm64sm&kind=create_transaction&hash=1b797bbf1deaca0cc723d2d6b3c5e2c7f4dcf224?first_name=&last_name=&email=&number=&expdate=&cvv=" for 192.168.1.8 at 2012-08-25 10:33:35 +0530
  Processing by PaymentsController#confirm as HTML
  Parameters: {"http_status"=>"200", "id"=>"82969fdknwtm64sm", "kind"=>"create_transaction", "hash"=>"1b797bbf1deaca0cc723d2d6b3c5e2c7f4dcf224?first_name=", "last_name"=>"", "email"=>"", "number"=>"", "expdate"=>"", "cvv"=>""}
Completed   in 1ms

NoMethodError (undefined method `tr' for nil:NilClass):
  app/controllers/payments_controller.rb:7:in `confirm'

Rendered /home/maisapride/.rvm/gems/ruby-1.9.3-p194/gems/actionpack-3.0.0/lib/action_dispatch/middleware/templates/rescues/_trace.erb (2.4ms)
Rendered /home/maisapride/.rvm/gems/ruby-1.9.3-p194/gems/actionpack-3.0.0/lib/action_dispatch/middleware/templates/rescues/_request_and_response.erb (8.5ms)
Rendered /home/maisapride/.rvm/gems/ruby-1.9.3-p194/gems/actionpack-3.0.0/lib/action_dispatch/middleware/templates/rescues/diagnostics.erb within rescues/layout (18.7ms)


Started GET "/payments/confirm?http_status=200&id=82969fdknwtm64sm&kind=create_transaction&hash=1b797bbf1deaca0cc723d2d6b3c5e2c7f4dcf224" for 192.168.1.8 at 2012-08-25 10:33:53 +0530
  Processing by PaymentsController#confirm as HTML
  Parameters: {"http_status"=>"200", "id"=>"82969fdknwtm64sm", "kind"=>"create_transaction", "hash"=>"1b797bbf1deaca0cc723d2d6b3c5e2c7f4dcf224"}
Completed   in 1515ms

Braintree::NotFoundError (Braintree::NotFoundError):
  app/controllers/payments_controller.rb:7:in `confirm'

Rendered /home/maisapride/.rvm/gems/ruby-1.9.3-p194/gems/actionpack-3.0.0/lib/action_dispatch/middleware/templates/rescues/_trace.erb (1.7ms)
Rendered /home/maisapride/.rvm/gems/ruby-1.9.3-p194/gems/actionpack-3.0.0/lib/action_dispatch/middleware/templates/rescues/_request_and_response.erb (4.6ms)
Rendered /home/maisapride/.rvm/gems/ruby-1.9.3-p194/gems/actionpack-3.0.0/lib/action_dispatch/middleware/templates/rescues/diagnostics.erb within rescues/layout (11.8ms)


Started GET "/payments/confirm?http_status=200&id=y6vz3q2w2d3hj2kb&kind=create_transaction&hash=102cc106d9f6e1bb9d4819e73244afb52b011f24" for 192.168.1.8 at 2012-08-25 10:34:35 +0530
  Processing by PaymentsController#confirm as HTML
  Parameters: {"http_status"=>"200", "id"=>"y6vz3q2w2d3hj2kb", "kind"=>"create_transaction", "hash"=>"102cc106d9f6e1bb9d4819e73244afb52b011f24"}
Rendered payments/new.html.erb within layouts/application (19.4ms)
Completed 200 OK in 1594ms (Views: 28.9ms)


Started GET "/payments/confirm?http_status=200&id=jgmhkbr73gczvtrc&kind=create_transaction&hash=29f4d31fee663e30bd56c92332eb67c0b0d39fa2" for 192.168.1.8 at 2012-08-25 10:35:20 +0530
  Processing by PaymentsController#confirm as HTML
  Parameters: {"http_status"=>"200", "id"=>"jgmhkbr73gczvtrc", "kind"=>"create_transaction", "hash"=>"29f4d31fee663e30bd56c92332eb67c0b0d39fa2"}
Rendered payments/confirm.html.erb within layouts/application (4.4ms)
Completed 200 OK in 1725ms (Views: 13.6ms)


Started POST "/payments/confirm?http_status=200&id=jgmhkbr73gczvtrc&kind=create_transaction&hash=29f4d31fee663e30bd56c92332eb67c0b0d39fa2" for 192.168.1.8 at 2012-08-25 10:36:42 +0530
  Processing by PaymentsController#confirm as HTML
  Parameters: {"first_name"=>"Maisa", "last_name"=>"Solutions", "email"=>"maisa@gmail.com", "number"=>"4111111111111111", "expdate"=>"06.17", "cvv"=>"123", "http_status"=>"200", "id"=>"jgmhkbr73gczvtrc", "kind"=>"create_transaction", "hash"=>"29f4d31fee663e30bd56c92332eb67c0b0d39fa2"}
Completed   in 1ms

ActionController::InvalidAuthenticityToken (ActionController::InvalidAuthenticityToken):
  

Rendered /home/maisapride/.rvm/gems/ruby-1.9.3-p194/gems/actionpack-3.0.0/lib/action_dispatch/middleware/templates/rescues/_trace.erb (2.5ms)
Rendered /home/maisapride/.rvm/gems/ruby-1.9.3-p194/gems/actionpack-3.0.0/lib/action_dispatch/middleware/templates/rescues/_request_and_response.erb (9.5ms)
Rendered /home/maisapride/.rvm/gems/ruby-1.9.3-p194/gems/actionpack-3.0.0/lib/action_dispatch/middleware/templates/rescues/diagnostics.erb within rescues/layout (20.4ms)


Started POST "/payments/confirm?http_status=200&id=82969fdknwtm64sm&kind=create_transaction&hash=1b797bbf1deaca0cc723d2d6b3c5e2c7f4dcf224?first_name=&last_name=&email=&number=&expdate=&cvv=" for 192.168.1.8 at 2012-08-25 10:37:35 +0530
  Processing by PaymentsController#confirm as HTML
  Parameters: {"first_name"=>"Maisa", "last_name"=>"", "email"=>"", "number"=>"", "expdate"=>"", "cvv"=>"", "http_status"=>"200", "id"=>"82969fdknwtm64sm", "kind"=>"create_transaction", "hash"=>"1b797bbf1deaca0cc723d2d6b3c5e2c7f4dcf224?first_name="}
Completed   in 1ms

ActionController::InvalidAuthenticityToken (ActionController::InvalidAuthenticityToken):
  

Rendered /home/maisapride/.rvm/gems/ruby-1.9.3-p194/gems/actionpack-3.0.0/lib/action_dispatch/middleware/templates/rescues/_trace.erb (3.1ms)
Rendered /home/maisapride/.rvm/gems/ruby-1.9.3-p194/gems/actionpack-3.0.0/lib/action_dispatch/middleware/templates/rescues/_request_and_response.erb (9.9ms)
Rendered /home/maisapride/.rvm/gems/ruby-1.9.3-p194/gems/actionpack-3.0.0/lib/action_dispatch/middleware/templates/rescues/diagnostics.erb within rescues/layout (22.1ms)


Started POST "/payments/confirm?http_status=200&id=82969fdknwtm64sm&kind=create_transaction&hash=1b797bbf1deaca0cc723d2d6b3c5e2c7f4dcf224" for 192.168.1.8 at 2012-08-25 10:38:30 +0530
  Processing by PaymentsController#confirm as HTML
  Parameters: {"first_name"=>"Maisa", "last_name"=>"Sol", "email"=>"maisa@gmail.com", "number"=>"4111111111111111", "expdate"=>"06/17", "cvv"=>"123", "http_status"=>"200", "id"=>"82969fdknwtm64sm", "kind"=>"create_transaction", "hash"=>"1b797bbf1deaca0cc723d2d6b3c5e2c7f4dcf224"}
Completed   in 1ms

ActionController::InvalidAuthenticityToken (ActionController::InvalidAuthenticityToken):
  

Rendered /home/maisapride/.rvm/gems/ruby-1.9.3-p194/gems/actionpack-3.0.0/lib/action_dispatch/middleware/templates/rescues/_trace.erb (2.7ms)
Rendered /home/maisapride/.rvm/gems/ruby-1.9.3-p194/gems/actionpack-3.0.0/lib/action_dispatch/middleware/templates/rescues/_request_and_response.erb (9.0ms)
Rendered /home/maisapride/.rvm/gems/ruby-1.9.3-p194/gems/actionpack-3.0.0/lib/action_dispatch/middleware/templates/rescues/diagnostics.erb within rescues/layout (19.6ms)


Started POST "/payments/confirm?http_status=200&id=82969fdknwtm64sm&kind=create_transaction&hash=1b797bbf1deaca0cc723d2d6b3c5e2c7f4dcf224" for 192.168.1.8 at 2012-08-25 10:43:03 +0530
  Processing by PaymentsController#confirm as HTML
  Parameters: {"first_name"=>"murali", "last_name"=>"krishnamuraliKrishna", "email"=>"murali@maisasolutions.com", "number"=>"4111111111111111", "expdate"=>"06.12", "cvv"=>"123", "http_status"=>"200", "id"=>"82969fdknwtm64sm", "kind"=>"create_transaction", "hash"=>"1b797bbf1deaca0cc723d2d6b3c5e2c7f4dcf224"}
Completed   in 1415ms

Braintree::NotFoundError (Braintree::NotFoundError):
  app/controllers/payments_controller.rb:7:in `confirm'

Rendered /home/maisapride/.rvm/gems/ruby-1.9.3-p194/gems/actionpack-3.0.0/lib/action_dispatch/middleware/templates/rescues/_trace.erb (2.9ms)
Rendered /home/maisapride/.rvm/gems/ruby-1.9.3-p194/gems/actionpack-3.0.0/lib/action_dispatch/middleware/templates/rescues/_request_and_response.erb (8.3ms)
Rendered /home/maisapride/.rvm/gems/ruby-1.9.3-p194/gems/actionpack-3.0.0/lib/action_dispatch/middleware/templates/rescues/diagnostics.erb within rescues/layout (20.4ms)


Started POST "/payments/confirm?http_status=200&id=82969fdknwtm64sm&kind=create_transaction&hash=1b797bbf1deaca0cc723d2d6b3c5e2c7f4dcf224" for 192.168.1.8 at 2012-08-25 10:44:57 +0530
  Processing by PaymentsController#confirm as HTML
  Parameters: {"first_name"=>"murali", "last_name"=>"krishnamuraliKrishna", "email"=>"smurali@gmail.com", "number"=>"4111111111111111", "expdate"=>"06/17", "cvv"=>"123", "http_status"=>"200", "id"=>"82969fdknwtm64sm", "kind"=>"create_transaction", "hash"=>"1b797bbf1deaca0cc723d2d6b3c5e2c7f4dcf224"}
Completed   in 1373ms

Braintree::NotFoundError (Braintree::NotFoundError):
  app/controllers/payments_controller.rb:7:in `confirm'

Rendered /home/maisapride/.rvm/gems/ruby-1.9.3-p194/gems/actionpack-3.0.0/lib/action_dispatch/middleware/templates/rescues/_trace.erb (2.7ms)
Rendered /home/maisapride/.rvm/gems/ruby-1.9.3-p194/gems/actionpack-3.0.0/lib/action_dispatch/middleware/templates/rescues/_request_and_response.erb (8.8ms)
Rendered /home/maisapride/.rvm/gems/ruby-1.9.3-p194/gems/actionpack-3.0.0/lib/action_dispatch/middleware/templates/rescues/diagnostics.erb within rescues/layout (19.6ms)


Started GET "/payments/confirm?http_status=200&id=82969fdknwtm64sm&kind=create_transaction&hash=1b797bbf1deaca0cc723d2d6b3c5e2c7f4dcf224" for 192.168.1.8 at 2012-08-25 10:46:15 +0530
  Processing by PaymentsController#confirm as HTML
  Parameters: {"http_status"=>"200", "id"=>"82969fdknwtm64sm", "kind"=>"create_transaction", "hash"=>"1b797bbf1deaca0cc723d2d6b3c5e2c7f4dcf224"}
Completed   in 1439ms

Braintree::NotFoundError (Braintree::NotFoundError):
  app/controllers/payments_controller.rb:7:in `confirm'

Rendered /home/maisapride/.rvm/gems/ruby-1.9.3-p194/gems/actionpack-3.0.0/lib/action_dispatch/middleware/templates/rescues/_trace.erb (3.0ms)
Rendered /home/maisapride/.rvm/gems/ruby-1.9.3-p194/gems/actionpack-3.0.0/lib/action_dispatch/middleware/templates/rescues/_request_and_response.erb (11.4ms)
Rendered /home/maisapride/.rvm/gems/ruby-1.9.3-p194/gems/actionpack-3.0.0/lib/action_dispatch/middleware/templates/rescues/diagnostics.erb within rescues/layout (25.2ms)


Started POST "/payments/confirm?http_status=200&id=82969fdknwtm64sm&kind=create_transaction&hash=1b797bbf1deaca0cc723d2d6b3c5e2c7f4dcf224" for 192.168.1.8 at 2012-08-25 10:46:55 +0530
  Processing by PaymentsController#confirm as HTML
  Parameters: {"first_name"=>"murali", "last_name"=>"krishna", "email"=>"smurali", "number"=>"", "expdate"=>"", "cvv"=>"", "http_status"=>"200", "id"=>"82969fdknwtm64sm", "kind"=>"create_transaction", "hash"=>"1b797bbf1deaca0cc723d2d6b3c5e2c7f4dcf224"}
Completed   in 1459ms

Braintree::NotFoundError (Braintree::NotFoundError):
  app/controllers/payments_controller.rb:7:in `confirm'

Rendered /home/maisapride/.rvm/gems/ruby-1.9.3-p194/gems/actionpack-3.0.0/lib/action_dispatch/middleware/templates/rescues/_trace.erb (3.1ms)
Rendered /home/maisapride/.rvm/gems/ruby-1.9.3-p194/gems/actionpack-3.0.0/lib/action_dispatch/middleware/templates/rescues/_request_and_response.erb (10.2ms)
Rendered /home/maisapride/.rvm/gems/ruby-1.9.3-p194/gems/actionpack-3.0.0/lib/action_dispatch/middleware/templates/rescues/diagnostics.erb within rescues/layout (23.2ms)
